Base path: C:/Program Files/Unity/Editor/Data
Pipe name: \\.\pipe\UnityShaderCompiler-64bit-1-1696
Cmd: getPlatforms
Cmd: preprocess
  insize=204 outsize=204 ok=1
Cmd: preprocess
  insize=685 outsize=1158 ok=1
Cmd: preprocess
  insize=680 outsize=1158 ok=1
Cmd: preprocess
  insize=1150 outsize=435 ok=1
Cmd: preprocess
  insize=1177 outsize=464 ok=1
Cmd: preprocess
  insize=196 outsize=196 ok=1
Cmd: preprocess
  insize=1187 outsize=474 ok=1
Cmd: preprocess
  insize=1126 outsize=413 ok=1
Cmd: preprocess
  insize=683 outsize=1672 ok=1
Cmd: preprocess
  insize=1335 outsize=540 ok=1
Cmd: preprocess
  insize=1152 outsize=377 ok=1
Cmd: compileSnippet
  api=4 type=0 insize=1075 outsize=1388 kw= ok=1
Cmd: compileSnippet
  api=4 type=1 insize=1075 outsize=1217 kw= ok=1
Cmd: preprocess
  insize=577 outsize=1580 ok=1
Cmd: preprocess
  insize=1379 outsize=541 ok=1
Cmd: preprocess
  insize=1180 outsize=468 ok=1
Cmd: compileSnippet
  api=4 type=0 insize=1051 outsize=1266 kw= ok=1
Cmd: compileSnippet
  api=4 type=1 insize=1051 outsize=965 kw= ok=1
Cmd: compileSnippet
  api=4 type=0 insize=1089 outsize=1314 kw= ok=1
Cmd: compileSnippet
  api=4 type=1 insize=1089 outsize=1006 kw= ok=1
